[32m2024-10-11 15:02:35.010[0;39m [INFO] com.wipro.cpastone.farmpartner.FarmPartnerApplication [main] Starting FarmPartnerApplication using Java 21.0.4 with PID 7504 (E:\Wipro_Training_II\Capstone\New_Organic_Farm\farmPartner\target\classes started by VINAYAK in E:\Wipro_Training_II\Capstone\New_Organic_Farm\farmPartner)
[32m2024-10-11 15:02:35.013[0;39m [INFO] com.wipro.cpastone.farmpartner.FarmPartnerApplication [main] No active profile set, falling back to 1 default profile: "default"
[32m2024-10-11 15:02:36.611[0;39m [INFO] org.springframework.data.repository.config.RepositoryConfigurationDelegate [main] Bootstrapping Spring Data JPA repositories in DEFAULT mode.
[32m2024-10-11 15:02:36.716[0;39m [INFO] org.springframework.data.repository.config.RepositoryConfigurationDelegate [main] Finished Spring Data repository scanning in 88 ms. Found 1 JPA repository interface.
[32m2024-10-11 15:02:37.825[0;39m [INFO] org.springframework.boot.web.embedded.tomcat.TomcatWebServer [main] Tomcat initialized with port 8484 (http)
[32m2024-10-11 15:02:37.858[0;39m [INFO] org.apache.catalina.core.StandardService [main] Starting service [Tomcat]
[32m2024-10-11 15:02:37.858[0;39m [INFO] org.apache.catalina.core.StandardEngine [main] Starting Servlet engine: [Apache Tomcat/10.1.30]
[32m2024-10-11 15:02:38.075[0;39m [INFO] org.apache.catalina.core.ContainerBase.[Tomcat].[localhost].[/] [main] Initializing Spring embedded WebApplicationContext
[32m2024-10-11 15:02:38.076[0;39m [INFO] org.springframework.boot.web.servlet.context.ServletWebServerApplicationContext [main] Root WebApplicationContext: initialization completed in 2965 ms
[32m2024-10-11 15:02:38.428[0;39m [INFO] org.hibernate.jpa.internal.util.LogHelper [main] HHH000204: Processing PersistenceUnitInfo [name: default]
[32m2024-10-11 15:02:38.536[0;39m [INFO] org.hibernate.Version [main] HHH000412: Hibernate ORM core version 6.5.3.Final
[32m2024-10-11 15:02:38.616[0;39m [INFO] org.hibernate.cache.internal.RegionFactoryInitiator [main] HHH000026: Second-level cache disabled
[32m2024-10-11 15:02:39.158[0;39m [INFO] org.springframework.orm.jpa.persistenceunit.SpringPersistenceUnitInfo [main] No LoadTimeWeaver setup: ignoring JPA class transformer
[32m2024-10-11 15:02:39.211[0;39m [INFO] com.zaxxer.hikari.HikariDataSource [main] HikariPool-1 - Starting...
[32m2024-10-11 15:02:39.808[0;39m [INFO] com.zaxxer.hikari.pool.HikariPool [main] HikariPool-1 - Added connection com.mysql.cj.jdbc.ConnectionImpl@6ebbc06
[32m2024-10-11 15:02:39.812[0;39m [INFO] com.zaxxer.hikari.HikariDataSource [main] HikariPool-1 - Start completed.
[32m2024-10-11 15:02:41.370[0;39m [INFO] org.hibernate.engine.transaction.jta.platform.internal.JtaPlatformInitiator [main] HHH000489: No JTA platform available (set 'hibernate.transaction.jta.platform' to enable JTA platform integration)
[32m2024-10-11 15:02:41.466[0;39m [INFO] org.springframework.orm.jpa.LocalContainerEntityManagerFactoryBean [main] Initialized JPA EntityManagerFactory for persistence unit 'default'
[32m2024-10-11 15:02:41.943[0;39m [WARN] org.springframework.boot.autoconfigure.orm.jpa.JpaBaseConfiguration$JpaWebConfiguration [main] spring.jpa.open-in-view is enabled by default. Therefore, database queries may be performed during view rendering. Explicitly configure spring.jpa.open-in-view to disable this warning
[32m2024-10-11 15:02:42.549[0;39m [INFO] org.springframework.boot.web.embedded.tomcat.TomcatWebServer [main] Tomcat started on port 8484 (http) with context path '/'
[32m2024-10-11 15:02:42.564[0;39m [INFO] com.wipro.cpastone.farmpartner.FarmPartnerApplication [main] Started FarmPartnerApplication in 8.463 seconds (process running for 10.258)
[32m2024-10-11 15:03:42.178[0;39m [INFO] org.apache.catalina.core.ContainerBase.[Tomcat].[localhost].[/] [http-nio-8484-exec-1] Initializing Spring DispatcherServlet 'dispatcherServlet'
[32m2024-10-11 15:03:42.178[0;39m [INFO] org.springframework.web.servlet.DispatcherServlet [http-nio-8484-exec-1] Initializing Servlet 'dispatcherServlet'
[32m2024-10-11 15:03:42.180[0;39m [INFO] org.springframework.web.servlet.DispatcherServlet [http-nio-8484-exec-1] Completed initialization in 2 ms
[32m2024-10-11 15:05:01.822[0;39m [INFO] org.springframework.boot.admin.SpringApplicationAdminMXBeanRegistrar$SpringApplicationAdmin [RMI TCP Connection(12)-127.0.0.1] Application shutdown requested.
[32m2024-10-11 15:05:01.846[0;39m [INFO] org.springframework.orm.jpa.LocalContainerEntityManagerFactoryBean [RMI TCP Connection(12)-127.0.0.1] Closing JPA EntityManagerFactory for persistence unit 'default'
[32m2024-10-11 15:05:01.849[0;39m [INFO] com.zaxxer.hikari.HikariDataSource [RMI TCP Connection(12)-127.0.0.1] HikariPool-1 - Shutdown initiated...
[32m2024-10-11 15:05:01.867[0;39m [INFO] com.zaxxer.hikari.HikariDataSource [RMI TCP Connection(12)-127.0.0.1] HikariPool-1 - Shutdown completed.
[32m2024-10-11 16:33:19.001[0;39m [INFO] com.wipro.cpastone.farmpartner.FarmPartnerApplication [main] Starting FarmPartnerApplication using Java 21.0.4 with PID 10540 (E:\Wipro_Training_II\Capstone\New_Organic_Farm\farmPartner\target\classes started by VINAYAK in E:\Wipro_Training_II\Capstone\New_Organic_Farm\farmPartner)
[32m2024-10-11 16:33:19.010[0;39m [INFO] com.wipro.cpastone.farmpartner.FarmPartnerApplication [main] No active profile set, falling back to 1 default profile: "default"
[32m2024-10-11 16:33:20.129[0;39m [INFO] org.springframework.data.repository.config.RepositoryConfigurationDelegate [main] Bootstrapping Spring Data JPA repositories in DEFAULT mode.
[32m2024-10-11 16:33:20.245[0;39m [INFO] org.springframework.data.repository.config.RepositoryConfigurationDelegate [main] Finished Spring Data repository scanning in 100 ms. Found 1 JPA repository interface.
[32m2024-10-11 16:33:21.196[0;39m [INFO] org.springframework.boot.web.embedded.tomcat.TomcatWebServer [main] Tomcat initialized with port 8484 (http)
[32m2024-10-11 16:33:21.223[0;39m [INFO] org.apache.catalina.core.StandardService [main] Starting service [Tomcat]
[32m2024-10-11 16:33:21.224[0;39m [INFO] org.apache.catalina.core.StandardEngine [main] Starting Servlet engine: [Apache Tomcat/10.1.30]
[32m2024-10-11 16:33:21.332[0;39m [INFO] org.apache.catalina.core.ContainerBase.[Tomcat].[localhost].[/] [main] Initializing Spring embedded WebApplicationContext
[32m2024-10-11 16:33:21.333[0;39m [INFO] org.springframework.boot.web.servlet.context.ServletWebServerApplicationContext [main] Root WebApplicationContext: initialization completed in 2237 ms
[32m2024-10-11 16:33:21.572[0;39m [INFO] org.hibernate.jpa.internal.util.LogHelper [main] HHH000204: Processing PersistenceUnitInfo [name: default]
[32m2024-10-11 16:33:21.671[0;39m [INFO] org.hibernate.Version [main] HHH000412: Hibernate ORM core version 6.5.3.Final
[32m2024-10-11 16:33:21.732[0;39m [INFO] org.hibernate.cache.internal.RegionFactoryInitiator [main] HHH000026: Second-level cache disabled
[32m2024-10-11 16:33:22.240[0;39m [INFO] org.springframework.orm.jpa.persistenceunit.SpringPersistenceUnitInfo [main] No LoadTimeWeaver setup: ignoring JPA class transformer
[32m2024-10-11 16:33:22.286[0;39m [INFO] com.zaxxer.hikari.HikariDataSource [main] HikariPool-1 - Starting...
[32m2024-10-11 16:33:22.826[0;39m [INFO] com.zaxxer.hikari.pool.HikariPool [main] HikariPool-1 - Added connection com.mysql.cj.jdbc.ConnectionImpl@1fa98a22
[32m2024-10-11 16:33:22.830[0;39m [INFO] com.zaxxer.hikari.HikariDataSource [main] HikariPool-1 - Start completed.
[32m2024-10-11 16:33:24.431[0;39m [INFO] org.hibernate.engine.transaction.jta.platform.internal.JtaPlatformInitiator [main] HHH000489: No JTA platform available (set 'hibernate.transaction.jta.platform' to enable JTA platform integration)
[32m2024-10-11 16:33:24.562[0;39m [INFO] org.springframework.orm.jpa.LocalContainerEntityManagerFactoryBean [main] Initialized JPA EntityManagerFactory for persistence unit 'default'
[32m2024-10-11 16:33:25.339[0;39m [WARN] org.springframework.boot.autoconfigure.orm.jpa.JpaBaseConfiguration$JpaWebConfiguration [main] spring.jpa.open-in-view is enabled by default. Therefore, database queries may be performed during view rendering. Explicitly configure spring.jpa.open-in-view to disable this warning
[32m2024-10-11 16:33:25.973[0;39m [INFO] org.springframework.boot.web.embedded.tomcat.TomcatWebServer [main] Tomcat started on port 8484 (http) with context path '/'
[32m2024-10-11 16:33:25.989[0;39m [INFO] com.wipro.cpastone.farmpartner.FarmPartnerApplication [main] Started FarmPartnerApplication in 8.026 seconds (process running for 9.908)
[32m2024-10-11 16:34:30.832[0;39m [INFO] org.apache.catalina.core.ContainerBase.[Tomcat].[localhost].[/] [http-nio-8484-exec-1] Initializing Spring DispatcherServlet 'dispatcherServlet'
[32m2024-10-11 16:34:30.832[0;39m [INFO] org.springframework.web.servlet.DispatcherServlet [http-nio-8484-exec-1] Initializing Servlet 'dispatcherServlet'
[32m2024-10-11 16:34:30.834[0;39m [INFO] org.springframework.web.servlet.DispatcherServlet [http-nio-8484-exec-1] Completed initialization in 2 ms
[32m2024-10-11 16:38:00.095[0;39m [WARN] org.springframework.web.servlet.mvc.support.DefaultHandlerExceptionResolver [http-nio-8484-exec-2] Resolved [org.springframework.web.HttpRequestMethodNotSupportedException: Request method 'GET' is not supported]
[32m2024-10-11 16:38:25.448[0;39m [INFO] org.springframework.boot.admin.SpringApplicationAdminMXBeanRegistrar$SpringApplicationAdmin [RMI TCP Connection(12)-127.0.0.1] Application shutdown requested.
[32m2024-10-11 16:38:25.474[0;39m [INFO] org.springframework.orm.jpa.LocalContainerEntityManagerFactoryBean [RMI TCP Connection(12)-127.0.0.1] Closing JPA EntityManagerFactory for persistence unit 'default'
[32m2024-10-11 16:38:25.479[0;39m [INFO] com.zaxxer.hikari.HikariDataSource [RMI TCP Connection(12)-127.0.0.1] HikariPool-1 - Shutdown initiated...
[32m2024-10-11 16:38:25.492[0;39m [INFO] com.zaxxer.hikari.HikariDataSource [RMI TCP Connection(12)-127.0.0.1] HikariPool-1 - Shutdown completed.
[32m2024-10-11 16:51:07.507[0;39m [INFO] com.wipro.cpastone.farmpartner.FarmPartnerApplication [main] Starting FarmPartnerApplication using Java 21.0.4 with PID 17188 (E:\Wipro_Training_II\Capstone\New_Organic_Farm\farmPartner\target\classes started by VINAYAK in E:\Wipro_Training_II\Capstone\New_Organic_Farm\farmPartner)
[32m2024-10-11 16:51:07.510[0;39m [INFO] com.wipro.cpastone.farmpartner.FarmPartnerApplication [main] No active profile set, falling back to 1 default profile: "default"
[32m2024-10-11 16:51:08.856[0;39m [INFO] org.springframework.data.repository.config.RepositoryConfigurationDelegate [main] Bootstrapping Spring Data JPA repositories in DEFAULT mode.
[32m2024-10-11 16:51:08.941[0;39m [INFO] org.springframework.data.repository.config.RepositoryConfigurationDelegate [main] Finished Spring Data repository scanning in 72 ms. Found 1 JPA repository interface.
[32m2024-10-11 16:51:09.735[0;39m [INFO] org.springframework.boot.web.embedded.tomcat.TomcatWebServer [main] Tomcat initialized with port 8484 (http)
[32m2024-10-11 16:51:09.761[0;39m [INFO] org.apache.catalina.core.StandardService [main] Starting service [Tomcat]
[32m2024-10-11 16:51:09.761[0;39m [INFO] org.apache.catalina.core.StandardEngine [main] Starting Servlet engine: [Apache Tomcat/10.1.30]
[32m2024-10-11 16:51:09.867[0;39m [INFO] org.apache.catalina.core.ContainerBase.[Tomcat].[localhost].[/] [main] Initializing Spring embedded WebApplicationContext
[32m2024-10-11 16:51:09.868[0;39m [INFO] org.springframework.boot.web.servlet.context.ServletWebServerApplicationContext [main] Root WebApplicationContext: initialization completed in 2250 ms
[32m2024-10-11 16:51:10.100[0;39m [INFO] org.hibernate.jpa.internal.util.LogHelper [main] HHH000204: Processing PersistenceUnitInfo [name: default]
[32m2024-10-11 16:51:10.206[0;39m [INFO] org.hibernate.Version [main] HHH000412: Hibernate ORM core version 6.5.3.Final
[32m2024-10-11 16:51:10.275[0;39m [INFO] org.hibernate.cache.internal.RegionFactoryInitiator [main] HHH000026: Second-level cache disabled
[32m2024-10-11 16:51:10.812[0;39m [INFO] org.springframework.orm.jpa.persistenceunit.SpringPersistenceUnitInfo [main] No LoadTimeWeaver setup: ignoring JPA class transformer
[32m2024-10-11 16:51:10.864[0;39m [INFO] com.zaxxer.hikari.HikariDataSource [main] HikariPool-1 - Starting...
[32m2024-10-11 16:51:11.441[0;39m [INFO] com.zaxxer.hikari.pool.HikariPool [main] HikariPool-1 - Added connection com.mysql.cj.jdbc.ConnectionImpl@4fd37449
[32m2024-10-11 16:51:11.444[0;39m [INFO] com.zaxxer.hikari.HikariDataSource [main] HikariPool-1 - Start completed.
[32m2024-10-11 16:51:12.980[0;39m [INFO] org.hibernate.engine.transaction.jta.platform.internal.JtaPlatformInitiator [main] HHH000489: No JTA platform available (set 'hibernate.transaction.jta.platform' to enable JTA platform integration)
[32m2024-10-11 16:51:13.067[0;39m [INFO] org.springframework.orm.jpa.LocalContainerEntityManagerFactoryBean [main] Initialized JPA EntityManagerFactory for persistence unit 'default'
[32m2024-10-11 16:51:13.517[0;39m [WARN] org.springframework.boot.autoconfigure.orm.jpa.JpaBaseConfiguration$JpaWebConfiguration [main] spring.jpa.open-in-view is enabled by default. Therefore, database queries may be performed during view rendering. Explicitly configure spring.jpa.open-in-view to disable this warning
[32m2024-10-11 16:51:14.060[0;39m [INFO] org.springframework.boot.web.embedded.tomcat.TomcatWebServer [main] Tomcat started on port 8484 (http) with context path '/'
[32m2024-10-11 16:51:14.075[0;39m [INFO] com.wipro.cpastone.farmpartner.FarmPartnerApplication [main] Started FarmPartnerApplication in 7.446 seconds (process running for 9.53)
[32m2024-10-11 16:52:29.214[0;39m [INFO] org.apache.catalina.core.ContainerBase.[Tomcat].[localhost].[/] [http-nio-8484-exec-1] Initializing Spring DispatcherServlet 'dispatcherServlet'
[32m2024-10-11 16:52:29.216[0;39m [INFO] org.springframework.web.servlet.DispatcherServlet [http-nio-8484-exec-1] Initializing Servlet 'dispatcherServlet'
[32m2024-10-11 16:52:29.220[0;39m [INFO] org.springframework.web.servlet.DispatcherServlet [http-nio-8484-exec-1] Completed initialization in 4 ms
[32m2024-10-11 16:55:43.879[0;39m [WARN] org.springframework.web.servlet.mvc.support.DefaultHandlerExceptionResolver [http-nio-8484-exec-2] Resolved [org.springframework.web.HttpRequestMethodNotSupportedException: Request method 'GET' is not supported]
[32m2024-10-11 16:58:10.405[0;39m [INFO] org.springframework.boot.admin.SpringApplicationAdminMXBeanRegistrar$SpringApplicationAdmin [RMI TCP Connection(14)-127.0.0.1] Application shutdown requested.
[32m2024-10-11 16:58:10.448[0;39m [INFO] org.springframework.orm.jpa.LocalContainerEntityManagerFactoryBean [RMI TCP Connection(14)-127.0.0.1] Closing JPA EntityManagerFactory for persistence unit 'default'
[32m2024-10-11 16:58:10.456[0;39m [INFO] com.zaxxer.hikari.HikariDataSource [RMI TCP Connection(14)-127.0.0.1] HikariPool-1 - Shutdown initiated...
[32m2024-10-11 16:58:10.484[0;39m [INFO] com.zaxxer.hikari.HikariDataSource [RMI TCP Connection(14)-127.0.0.1] HikariPool-1 - Shutdown completed.
[32m2024-10-11 16:58:55.693[0;39m [INFO] com.wipro.cpastone.farmpartner.FarmPartnerApplication [main] Starting FarmPartnerApplication using Java 21.0.4 with PID 12768 (E:\Wipro_Training_II\Capstone\New_Organic_Farm\farmPartner\target\classes started by VINAYAK in E:\Wipro_Training_II\Capstone\New_Organic_Farm\farmPartner)
[32m2024-10-11 16:58:55.703[0;39m [INFO] com.wipro.cpastone.farmpartner.FarmPartnerApplication [main] No active profile set, falling back to 1 default profile: "default"
[32m2024-10-11 16:58:57.043[0;39m [INFO] org.springframework.data.repository.config.RepositoryConfigurationDelegate [main] Bootstrapping Spring Data JPA repositories in DEFAULT mode.
[32m2024-10-11 16:58:57.126[0;39m [INFO] org.springframework.data.repository.config.RepositoryConfigurationDelegate [main] Finished Spring Data repository scanning in 70 ms. Found 1 JPA repository interface.
[32m2024-10-11 16:58:58.019[0;39m [INFO] org.springframework.boot.web.embedded.tomcat.TomcatWebServer [main] Tomcat initialized with port 8484 (http)
[32m2024-10-11 16:58:58.044[0;39m [INFO] org.apache.catalina.core.StandardService [main] Starting service [Tomcat]
[32m2024-10-11 16:58:58.045[0;39m [INFO] org.apache.catalina.core.StandardEngine [main] Starting Servlet engine: [Apache Tomcat/10.1.30]
[32m2024-10-11 16:58:58.142[0;39m [INFO] org.apache.catalina.core.ContainerBase.[Tomcat].[localhost].[/] [main] Initializing Spring embedded WebApplicationContext
[32m2024-10-11 16:58:58.143[0;39m [INFO] org.springframework.boot.web.servlet.context.ServletWebServerApplicationContext [main] Root WebApplicationContext: initialization completed in 2274 ms
[32m2024-10-11 16:58:58.383[0;39m [INFO] org.hibernate.jpa.internal.util.LogHelper [main] HHH000204: Processing PersistenceUnitInfo [name: default]
[32m2024-10-11 16:58:58.508[0;39m [INFO] org.hibernate.Version [main] HHH000412: Hibernate ORM core version 6.5.3.Final
[32m2024-10-11 16:58:58.598[0;39m [INFO] org.hibernate.cache.internal.RegionFactoryInitiator [main] HHH000026: Second-level cache disabled
[32m2024-10-11 16:58:59.121[0;39m [INFO] org.springframework.orm.jpa.persistenceunit.SpringPersistenceUnitInfo [main] No LoadTimeWeaver setup: ignoring JPA class transformer
[32m2024-10-11 16:58:59.163[0;39m [INFO] com.zaxxer.hikari.HikariDataSource [main] HikariPool-1 - Starting...
[32m2024-10-11 16:58:59.663[0;39m [INFO] com.zaxxer.hikari.pool.HikariPool [main] HikariPool-1 - Added connection com.mysql.cj.jdbc.ConnectionImpl@64665781
[32m2024-10-11 16:58:59.666[0;39m [INFO] com.zaxxer.hikari.HikariDataSource [main] HikariPool-1 - Start completed.
[32m2024-10-11 16:59:01.046[0;39m [INFO] org.hibernate.engine.transaction.jta.platform.internal.JtaPlatformInitiator [main] HHH000489: No JTA platform available (set 'hibernate.transaction.jta.platform' to enable JTA platform integration)
[32m2024-10-11 16:59:01.130[0;39m [INFO] org.springframework.orm.jpa.LocalContainerEntityManagerFactoryBean [main] Initialized JPA EntityManagerFactory for persistence unit 'default'
[32m2024-10-11 16:59:01.594[0;39m [WARN] org.springframework.boot.autoconfigure.orm.jpa.JpaBaseConfiguration$JpaWebConfiguration [main] spring.jpa.open-in-view is enabled by default. Therefore, database queries may be performed during view rendering. Explicitly configure spring.jpa.open-in-view to disable this warning
[32m2024-10-11 16:59:02.140[0;39m [INFO] org.springframework.boot.web.embedded.tomcat.TomcatWebServer [main] Tomcat started on port 8484 (http) with context path '/'
[32m2024-10-11 16:59:02.153[0;39m [INFO] com.wipro.cpastone.farmpartner.FarmPartnerApplication [main] Started FarmPartnerApplication in 7.176 seconds (process running for 8.426)
[32m2024-10-11 16:59:54.685[0;39m [INFO] org.apache.catalina.core.ContainerBase.[Tomcat].[localhost].[/] [http-nio-8484-exec-1] Initializing Spring DispatcherServlet 'dispatcherServlet'
[32m2024-10-11 16:59:54.685[0;39m [INFO] org.springframework.web.servlet.DispatcherServlet [http-nio-8484-exec-1] Initializing Servlet 'dispatcherServlet'
[32m2024-10-11 16:59:54.687[0;39m [INFO] org.springframework.web.servlet.DispatcherServlet [http-nio-8484-exec-1] Completed initialization in 2 ms
[32m2024-10-11 17:00:17.678[0;39m [WARN] org.springframework.web.servlet.mvc.support.DefaultHandlerExceptionResolver [http-nio-8484-exec-2] Resolved [org.springframework.web.HttpRequestMethodNotSupportedException: Request method 'GET' is not supported]
[32m2024-10-11 17:00:49.919[0;39m [WARN] org.springframework.web.servlet.mvc.support.DefaultHandlerExceptionResolver [http-nio-8484-exec-3] Resolved [org.springframework.web.HttpRequestMethodNotSupportedException: Request method 'GET' is not supported]
[32m2024-10-11 17:01:21.410[0;39m [INFO] org.springframework.boot.admin.SpringApplicationAdminMXBeanRegistrar$SpringApplicationAdmin [RMI TCP Connection(12)-127.0.0.1] Application shutdown requested.
[32m2024-10-11 17:01:21.437[0;39m [INFO] org.springframework.orm.jpa.LocalContainerEntityManagerFactoryBean [RMI TCP Connection(12)-127.0.0.1] Closing JPA EntityManagerFactory for persistence unit 'default'
[32m2024-10-11 17:01:21.440[0;39m [INFO] com.zaxxer.hikari.HikariDataSource [RMI TCP Connection(12)-127.0.0.1] HikariPool-1 - Shutdown initiated...
[32m2024-10-11 17:01:21.457[0;39m [INFO] com.zaxxer.hikari.HikariDataSource [RMI TCP Connection(12)-127.0.0.1] HikariPool-1 - Shutdown completed.
[32m2024-10-11 17:03:38.210[0;39m [INFO] com.wipro.cpastone.farmpartner.FarmPartnerApplication [main] Starting FarmPartnerApplication using Java 21.0.4 with PID 15864 (E:\Wipro_Training_II\Capstone\New_Organic_Farm\farmPartner\target\classes started by VINAYAK in E:\Wipro_Training_II\Capstone\New_Organic_Farm\farmPartner)
[32m2024-10-11 17:03:38.213[0;39m [INFO] com.wipro.cpastone.farmpartner.FarmPartnerApplication [main] No active profile set, falling back to 1 default profile: "default"
[32m2024-10-11 17:03:39.259[0;39m [INFO] org.springframework.data.repository.config.RepositoryConfigurationDelegate [main] Bootstrapping Spring Data JPA repositories in DEFAULT mode.
[32m2024-10-11 17:03:39.369[0;39m [INFO] org.springframework.data.repository.config.RepositoryConfigurationDelegate [main] Finished Spring Data repository scanning in 88 ms. Found 1 JPA repository interface.
[32m2024-10-11 17:03:40.135[0;39m [INFO] org.springframework.boot.web.embedded.tomcat.TomcatWebServer [main] Tomcat initialized with port 8484 (http)
[32m2024-10-11 17:03:40.158[0;39m [INFO] org.apache.catalina.core.StandardService [main] Starting service [Tomcat]
[32m2024-10-11 17:03:40.159[0;39m [INFO] org.apache.catalina.core.StandardEngine [main] Starting Servlet engine: [Apache Tomcat/10.1.30]
[32m2024-10-11 17:03:40.259[0;39m [INFO] org.apache.catalina.core.ContainerBase.[Tomcat].[localhost].[/] [main] Initializing Spring embedded WebApplicationContext
[32m2024-10-11 17:03:40.260[0;39m [INFO] org.springframework.boot.web.servlet.context.ServletWebServerApplicationContext [main] Root WebApplicationContext: initialization completed in 1942 ms
[32m2024-10-11 17:03:40.495[0;39m [INFO] org.hibernate.jpa.internal.util.LogHelper [main] HHH000204: Processing PersistenceUnitInfo [name: default]
[32m2024-10-11 17:03:40.571[0;39m [INFO] org.hibernate.Version [main] HHH000412: Hibernate ORM core version 6.5.3.Final
[32m2024-10-11 17:03:40.628[0;39m [INFO] org.hibernate.cache.internal.RegionFactoryInitiator [main] HHH000026: Second-level cache disabled
[32m2024-10-11 17:03:41.213[0;39m [INFO] org.springframework.orm.jpa.persistenceunit.SpringPersistenceUnitInfo [main] No LoadTimeWeaver setup: ignoring JPA class transformer
[32m2024-10-11 17:03:41.259[0;39m [INFO] com.zaxxer.hikari.HikariDataSource [main] HikariPool-1 - Starting...
[32m2024-10-11 17:03:41.811[0;39m [INFO] com.zaxxer.hikari.pool.HikariPool [main] HikariPool-1 - Added connection com.mysql.cj.jdbc.ConnectionImpl@50672905
[32m2024-10-11 17:03:41.816[0;39m [INFO] com.zaxxer.hikari.HikariDataSource [main] HikariPool-1 - Start completed.
[32m2024-10-11 17:03:43.268[0;39m [INFO] org.hibernate.engine.transaction.jta.platform.internal.JtaPlatformInitiator [main] HHH000489: No JTA platform available (set 'hibernate.transaction.jta.platform' to enable JTA platform integration)
[32m2024-10-11 17:03:43.352[0;39m [INFO] org.springframework.orm.jpa.LocalContainerEntityManagerFactoryBean [main] Initialized JPA EntityManagerFactory for persistence unit 'default'
[32m2024-10-11 17:03:43.795[0;39m [WARN] org.springframework.boot.autoconfigure.orm.jpa.JpaBaseConfiguration$JpaWebConfiguration [main] spring.jpa.open-in-view is enabled by default. Therefore, database queries may be performed during view rendering. Explicitly configure spring.jpa.open-in-view to disable this warning
[32m2024-10-11 17:03:44.349[0;39m [INFO] org.springframework.boot.web.embedded.tomcat.TomcatWebServer [main] Tomcat started on port 8484 (http) with context path '/'
[32m2024-10-11 17:03:44.364[0;39m [INFO] com.wipro.cpastone.farmpartner.FarmPartnerApplication [main] Started FarmPartnerApplication in 6.936 seconds (process running for 8.449)
[32m2024-10-11 17:04:17.950[0;39m [INFO] org.apache.catalina.core.ContainerBase.[Tomcat].[localhost].[/] [http-nio-8484-exec-1] Initializing Spring DispatcherServlet 'dispatcherServlet'
[32m2024-10-11 17:04:17.951[0;39m [INFO] org.springframework.web.servlet.DispatcherServlet [http-nio-8484-exec-1] Initializing Servlet 'dispatcherServlet'
[32m2024-10-11 17:04:17.960[0;39m [INFO] org.springframework.web.servlet.DispatcherServlet [http-nio-8484-exec-1] Completed initialization in 9 ms
[32m2024-10-11 17:04:57.449[0;39m [INFO] org.springframework.boot.admin.SpringApplicationAdminMXBeanRegistrar$SpringApplicationAdmin [RMI TCP Connection(11)-127.0.0.1] Application shutdown requested.
[32m2024-10-11 17:04:57.473[0;39m [INFO] org.springframework.orm.jpa.LocalContainerEntityManagerFactoryBean [RMI TCP Connection(11)-127.0.0.1] Closing JPA EntityManagerFactory for persistence unit 'default'
[32m2024-10-11 17:04:57.476[0;39m [INFO] com.zaxxer.hikari.HikariDataSource [RMI TCP Connection(11)-127.0.0.1] HikariPool-1 - Shutdown initiated...
[32m2024-10-11 17:04:57.491[0;39m [INFO] com.zaxxer.hikari.HikariDataSource [RMI TCP Connection(11)-127.0.0.1] HikariPool-1 - Shutdown completed.
